<?xml version="1.0" encoding="UTF-8"?>
<!-- Generated by org.testng.reporters.JUnitXMLReporter -->
<testsuite hostname="HPNote" name="Command line test" tests="1" failures="0" timestamp="13 Feb 2018 20:15:49 GMT" time="0.495" errors="0">
  <testcase name="@BeforeClass setUp" time="0.0" classname="Com.automation.test.SearchPageTest">
    <failure type="java.lang.IllegalStateException" message="The driver executable does not exist: /home/guest17305/eclipse-workspace/TestAutomationPageOM/&amp;lt;chrome driver path&amp;gt;">
      <![CDATA[java.lang.IllegalStateException: The driver executable does not exist: /home/guest17305/eclipse-workspace/TestAutomationPageOM/<chrome driver path>
	at com.google.common.base.Preconditions.checkState(Preconditions.java:534)
	at org.openqa.selenium.remote.service.DriverService.checkExecutable(DriverService.java:136)
	at org.openqa.selenium.remote.service.DriverService.findExecutable(DriverService.java:131)
	at org.openqa.selenium.chrome.ChromeDriverService.access$000(ChromeDriverService.java:32)
	at org.openqa.selenium.chrome.ChromeDriverService$Builder.findDefaultExecutable(ChromeDriverService.java:137)
	at org.openqa.selenium.remote.service.DriverService$Builder.build(DriverService.java:329)
	at org.openqa.selenium.chrome.ChromeDriverService.createDefaultService(ChromeDriverService.java:88)
	at org.openqa.selenium.chrome.ChromeDriver.<init>(ChromeDriver.java:124)
	at com.automation.testmain.TestMain.startBrowser(TestMain.java:25)
	at Com.automation.test.SearchPageTest.setUp(SearchPageTest.java:27)
	at org.apache.maven.surefire.testng.TestNGExecutor.run(TestNGExecutor.java:77)
	at org.apache.maven.surefire.testng.TestNGDirectoryTestSuite.executeMulti(TestNGDirectoryTestSuite.java:159)
	at org.apache.maven.surefire.testng.TestNGDirectoryTestSuite.execute(TestNGDirectoryTestSuite.java:99)
	at org.apache.maven.surefire.testng.TestNGProvider.invoke(TestNGProvider.java:106)
	at org.apache.maven.surefire.util.ReflectionUtils.invokeMethodWithArray(ReflectionUtils.java:189)
	at org.apache.maven.surefire.booter.ProviderFactory$ProviderProxy.invoke(ProviderFactory.java:165)
	at org.apache.maven.surefire.booter.ProviderFactory.invokeProvider(ProviderFactory.java:85)
	at org.apache.maven.surefire.booter.ForkedBooter.runSuitesInProcess(ForkedBooter.java:115)
	at org.apache.maven.surefire.booter.ForkedBooter.main(ForkedBooter.java:75)
... Removed 25 stack frames]]>
    </failure>
  </testcase> <!-- @BeforeClass setUp -->
  <testcase name="@AfterClass tearDown" time="0.0" classname="Com.automation.test.SearchPageTest">
    <skipped/>
  </testcase> <!-- @AfterClass tearDown -->
  <testcase name="searchTest" time="0.002" classname="Com.automation.test.SearchPageTest">
    <skipped/>
  </testcase> <!-- searchTest -->
</testsuite> <!-- Command line test -->
